<?xml version="1.0" encoding="UTF-8"?>
<testng-results skipped="0" failed="1" ignored="0" total="1" passed="0">
  <reporter-output>
  </reporter-output>
  <suite name="Default suite" duration-ms="70379" started-at="2018-06-09T04:08:28Z" finished-at="2018-06-09T04:09:38Z">
    <groups>
    </groups>
    <test name="Default test" duration-ms="70379" started-at="2018-06-09T04:08:28Z" finished-at="2018-06-09T04:09:38Z">
      <class name="testcases.TC004_EditLeadFlow2">
        <test-method status="PASS" signature="beforeSuite()[pri:0, instance:testcases.TC004_EditLeadFlow2@c0a365]" name="beforeSuite" is-config="true" duration-ms="843" started-at="2018-06-09T04:08:27Z" finished-at="2018-06-09T04:08:28Z">
          <reporter-output>
          </reporter-output>
        </test-method> <!-- beforeSuite -->
        <test-method status="PASS" signature="setData()[pri:0, instance:testcases.TC004_EditLeadFlow2@c0a365]" name="setData" is-config="true" duration-ms="0" started-at="2018-06-09T04:08:28Z" finished-at="2018-06-09T04:08:28Z">
          <reporter-output>
          </reporter-output>
        </test-method> <!-- setData -->
        <test-method status="PASS" signature="beforeClass()[pri:0, instance:testcases.TC004_EditLeadFlow2@c0a365]" name="beforeClass" is-config="true" duration-ms="0" started-at="2018-06-09T04:08:28Z" finished-at="2018-06-09T04:08:28Z">
          <reporter-output>
          </reporter-output>
        </test-method> <!-- beforeClass -->
        <test-method status="PASS" signature="beforeMethod()[pri:0, instance:testcases.TC004_EditLeadFlow2@c0a365]" name="beforeMethod" is-config="true" duration-ms="25136" started-at="2018-06-09T04:08:29Z" finished-at="2018-06-09T04:08:55Z">
          <reporter-output>
          </reporter-output>
        </test-method> <!-- beforeMethod -->
        <test-method status="FAIL" signature="createLeadFlow(java.lang.String, java.lang.String, java.lang.String, java.lang.String)[pri:0, instance:testcases.TC004_EditLeadFlow2@c0a365]" name="createLeadFlow" duration-ms="41974" started-at="2018-06-09T04:08:55Z" data-provider="fetchData" finished-at="2018-06-09T04:09:37Z">
          <params>
            <param index="0">
              <value>
                <![CDATA[DemoSalesManager]]>
              </value>
            </param>
            <param index="1">
              <value>
                <![CDATA[crmsfa]]>
              </value>
            </param>
            <param index="2">
              <value>
                <![CDATA[10022]]>
              </value>
            </param>
            <param index="3">
              <value>
                <![CDATA[MANI]]>
              </value>
            </param>
          </params>
          <exception class="java.lang.RuntimeException">
            <full-stacktrace>
              <![CDATA[java.lang.RuntimeException
at utils.Reporter.reportStep(Reporter.java:60)
at utils.Reporter.reportStep(Reporter.java:70)
at wdMethods.SeMethods.click(SeMethods.java:135)
at pages.FindLeads.clickLead(FindLeads.java:40)
at testcases.TC004_EditLeadFlow2.createLeadFlow(TC004_EditLeadFlow2.java:33)
at sun.reflect.NativeMethodAccessorImpl.invoke0(Native Method)
at sun.reflect.NativeMethodAccessorImpl.invoke(Unknown Source)
at sun.reflect.DelegatingMethodAccessorImpl.invoke(Unknown Source)
at java.lang.reflect.Method.invoke(Unknown Source)
at org.testng.internal.MethodInvocationHelper.invokeMethod(MethodInvocationHelper.java:124)
at org.testng.internal.Invoker.invokeMethod(Invoker.java:583)
at org.testng.internal.Invoker.invokeTestMethod(Invoker.java:719)
at org.testng.internal.Invoker.invokeTestMethods(Invoker.java:989)
at org.testng.internal.TestMethodWorker.invokeTestMethods(TestMethodWorker.java:125)
at org.testng.internal.TestMethodWorker.run(TestMethodWorker.java:109)
at org.testng.TestRunner.privateRun(TestRunner.java:648)
at org.testng.TestRunner.run(TestRunner.java:505)
at org.testng.SuiteRunner.runTest(SuiteRunner.java:455)
at org.testng.SuiteRunner.runSequentially(SuiteRunner.java:450)
at org.testng.SuiteRunner.privateRun(SuiteRunner.java:415)
at org.testng.SuiteRunner.run(SuiteRunner.java:364)
at org.testng.SuiteRunnerWorker.runSuite(SuiteRunnerWorker.java:52)
at org.testng.SuiteRunnerWorker.run(SuiteRunnerWorker.java:84)
at org.testng.TestNG.runSuitesSequentially(TestNG.java:1208)
at org.testng.TestNG.runSuitesLocally(TestNG.java:1137)
at org.testng.TestNG.runSuites(TestNG.java:1049)
at org.testng.TestNG.run(TestNG.java:1017)
at org.testng.remote.AbstractRemoteTestNG.run(AbstractRemoteTestNG.java:114)
at org.testng.remote.RemoteTestNG.initAndRun(RemoteTestNG.java:251)
at org.testng.remote.RemoteTestNG.main(RemoteTestNG.java:77)
]]>
            </full-stacktrace>
          </exception> <!-- java.lang.RuntimeException -->
          <reporter-output>
          </reporter-output>
        </test-method> <!-- createLeadFlow -->
        <test-method status="PASS" signature="afterMethod()[pri:0, instance:testcases.TC004_EditLeadFlow2@c0a365]" name="afterMethod" is-config="true" duration-ms="1328" started-at="2018-06-09T04:09:37Z" finished-at="2018-06-09T04:09:38Z">
          <reporter-output>
          </reporter-output>
        </test-method> <!-- afterMethod -->
        <test-method status="PASS" signature="afterTest()[pri:0, instance:testcases.TC004_EditLeadFlow2@c0a365]" name="afterTest" is-config="true" duration-ms="0" started-at="2018-06-09T04:09:38Z" finished-at="2018-06-09T04:09:38Z">
          <reporter-output>
          </reporter-output>
        </test-method> <!-- afterTest -->
        <test-method status="PASS" signature="afterSuite()[pri:0, instance:testcases.TC004_EditLeadFlow2@c0a365]" name="afterSuite" is-config="true" duration-ms="2609" started-at="2018-06-09T04:09:38Z" finished-at="2018-06-09T04:09:41Z">
          <reporter-output>
          </reporter-output>
        </test-method> <!-- afterSuite -->
      </class> <!-- testcases.TC004_EditLeadFlow2 -->
    </test> <!-- Default test -->
  </suite> <!-- Default suite -->
</testng-results>
